{
  "RSpec": {
    "coverage": {
      "/Users/bbushey/Development/forward_command_example_ruby/weather.rb": [
        1,
        1,
        1,
        1,
        1,
        null,
        1,
        null,
        18,
        null,
        null,
        36,
        null,
        null,
        1,
        null,
        3,
        null,
        null,
        1,
        null,
        15,
        null,
        15,
        null,
        null,
        15,
        15,
        null,
        null,
        6,
        null,
        6,
        null,
        null,
        null,
        null,
        12,
        null,
        null,
        null,
        15,
        null,
        null,
        1,
        null,
        1,
        null,
        15,
        15,
        null,
        null,
        15,
        15,
        15,
        null,
        null
      ]
    },
    "timestamp": 1418315618
  }
}
